2025-06-17 02:15:32,891 - __main__ - INFO - Démarrage du serveur sur 0.0.0.0:8000
2025-06-17 02:15:32,892 - __main__ - INFO - Environnement: production
2025-06-17 02:15:32,892 - __main__ - INFO - Frontend URL: http://localhost:3000
2025-06-17 02:16:26,203 - __main__ - INFO - Comparando archivos: Destinations ING5 2023-2024.xlsx vs Destinations ING5 2023-2024.xlsx
2025-06-17 02:16:27,319 - __main__ - INFO - Comparación completada: 0 diferencias encontradas
2025-06-17 02:21:27,201 - __main__ - INFO - Comparando archivos: Destinations ING5 2023-2024.xlsx vs Destinations ING5 2023-2024.xlsx
2025-06-17 02:21:27,620 - __main__ - INFO - Comparación completada: 0 diferencias encontradas
2025-06-17 02:25:14,953 - __main__ - INFO - Comparando archivos: Destinations ING5 2023-2024.xlsx vs Destinations ING5 2023-2024.xlsx
2025-06-17 02:25:15,351 - __main__ - INFO - Comparación completada: 0 diferencias encontradas
2025-06-17 10:26:18,178 - __main__ - INFO - Démarrage du serveur sur 0.0.0.0:8000
2025-06-17 10:26:18,179 - __main__ - INFO - Environnement: production
2025-06-17 10:26:18,179 - __main__ - INFO - Frontend URL: http://localhost:3000
2025-06-17 10:27:07,497 - __main__ - INFO - Comparando archivos: Destinations ING5 2023-2024.xlsx vs Destinations ING5 2023-2024.xlsx
2025-06-17 10:27:08,741 - __main__ - INFO - Comparación completada: 0 diferencias encontradas
2025-06-17 11:02:29,047 - __main__ - INFO - Comparando archivos: maquinas_referencia.csv vs maquinas_nuevas.csv
2025-06-17 11:02:29,055 - __main__ - INFO - Comparación completada: 2 diferencias encontradas
2025-06-17 14:37:45,730 - __main__ - INFO - Iniciando servidor en 0.0.0.0:8000
2025-06-17 14:37:45,731 - __main__ - INFO - Ambiente: production
2025-06-17 14:37:45,731 - __main__ - INFO - URL del Frontend: http://localhost:3000
2025-06-17 14:54:16,123 - __main__ - INFO - Iniciando servidor en 0.0.0.0:8000
2025-06-17 14:54:16,123 - __main__ - INFO - Ambiente: production
2025-06-17 14:54:16,123 - __main__ - INFO - URL del Frontend: http://localhost:3000
2025-06-17 14:55:04,236 - __main__ - INFO - Comparando archivos: maquinas_referencia.csv vs maquinas_nuevas.csv
2025-06-17 14:55:04,276 - __main__ - INFO - Comparación completada: 2 diferencias encontradas
